./build/opt/zsim configs/hw4/LRU/bzip2.cfg > outputs/hw4/LRU/bzip2/bzip2.log 2>&1
./build/opt/zsim configs/hw4/LRU/gcc.cfg > outputs/hw4/LRU/gcc/gcc.log 2>&1
./build/opt/zsim configs/hw4/LRU/mcf.cfg > outputs/hw4/LRU/mcf/mcf.log 2>&1
./build/opt/zsim configs/hw4/LRU/hmmer.cfg > outputs/hw4/LRU/hmmer/hmmer.log 2>&1
./build/opt/zsim configs/hw4/LRU/sjeng.cfg > outputs/hw4/LRU/sjeng/sjeng.log 2>&1
./build/opt/zsim configs/hw4/LRU/libquantum.cfg > outputs/hw4/LRU/libquantum/libquantum.log 2>&1
./build/opt/zsim configs/hw4/LRU/xalancbmk.cfg > outputs/hw4/LRU/xalancbmk/xalancbmk.log 2>&1
./build/opt/zsim configs/hw4/LRU/milc.cfg > outputs/hw4/LRU/milc/milc.log 2>&1
./build/opt/zsim configs/hw4/LRU/cactusADM.cfg > outputs/hw4/LRU/cactusADM/cactusADM.log 2>&1
./build/opt/zsim configs/hw4/LRU/leslie3d.cfg > outputs/hw4/LRU/leslie3d/leslie3d.log 2>&1
./build/opt/zsim configs/hw4/LRU/namd.cfg > outputs/hw4/LRU/namd/namd.log 2>&1
./build/opt/zsim configs/hw4/LRU/soplex.cfg > outputs/hw4/LRU/soplex/soplex.log 2>&1
./build/opt/zsim configs/hw4/LRU/calculiz.cfg > outputs/hw4/LRU/calculiz/calculiz.log 2>&1
./build/opt/zsim configs/hw4/LRU/lbm.cfg > outputs/hw4/LRU/lbm/lbm.log 2>&1
./build/opt/zsim configs/hw4/LRU/blackschoels_8c_simlarge.cfg > outputs/hw4/LRU/blackschoels_8c_simlarge/blackschoels.log 2>&1
./build/opt/zsim configs/hw4/LRU/bodytrack_8c_simlarge.cfg > outputs/hw4/LRU/bodytrack_8c_simlarge/bodytrack.log 2>&1
./build/opt/zsim configs/hw4/LRU/canneal_8c_simlarge.cfg > outputs/hw4/LRU/canneal_8c_simlarge/canneal.log 2>&1
./build/opt/zsim configs/hw4/LRU/dedup_8c_simlarge.cfg > outputs/hw4/LRU/dedup_8c_simlarge/dedup.log 2>&1
./build/opt/zsim configs/hw4/LRU/fluidanimate_8c_simlarge.cfg > outputs/hw4/LRU/fluidanimate_8c_simlarge/fluidanimate.log 2>&1
./build/opt/zsim configs/hw4/LRU/freqmine_8c_simlarge.cfg > outputs/hw4/LRU/freqmine_8c_simlarge/freqmine.log 2>&1
./build/opt/zsim configs/hw4/LRU/streamcluster_8c_simlarge.cfg > outputs/hw4/LRU/streamcluster_8c_simlarge/streamcluster.log 2>&1
./build/opt/zsim configs/hw4/LRU/swaptions_8c_simlarge.cfg > outputs/hw4/LRU/swaptions_8c_simlarge/swaptions.log 2>&1
./build/opt/zsim configs/hw4/LRU/x264_8c_simlarge.cfg > outputs/hw4/LRU/x264_8c_simlarge/x264.log 2>&1
./build/opt/zsim configs/hw4/LFU/bzip2.cfg > outputs/hw4/LFU/bzip2/bzip2.log 2>&1
./build/opt/zsim configs/hw4/LFU/gcc.cfg > outputs/hw4/LFU/gcc/gcc.log 2>&1
./build/opt/zsim configs/hw4/LFU/mcf.cfg > outputs/hw4/LFU/mcf/mcf.log 2>&1
./build/opt/zsim configs/hw4/LFU/hmmer.cfg > outputs/hw4/LFU/hmmer/hmmer.log 2>&1
./build/opt/zsim configs/hw4/LFU/sjeng.cfg > outputs/hw4/LFU/sjeng/sjeng.log 2>&1
./build/opt/zsim configs/hw4/LFU/libquantum.cfg > outputs/hw4/LFU/libquantum/libquantum.log 2>&1
./build/opt/zsim configs/hw4/LFU/xalancbmk.cfg > outputs/hw4/LFU/xalancbmk/xalancbmk.log 2>&1
./build/opt/zsim configs/hw4/LFU/milc.cfg > outputs/hw4/LFU/milc/milc.log 2>&1
./build/opt/zsim configs/hw4/LFU/cactusADM.cfg > outputs/hw4/LFU/cactusADM/cactusADM.log 2>&1
./build/opt/zsim configs/hw4/LFU/leslie3d.cfg > outputs/hw4/LFU/leslie3d/leslie3d.log 2>&1
./build/opt/zsim configs/hw4/LFU/namd.cfg > outputs/hw4/LFU/namd/namd.log 2>&1
./build/opt/zsim configs/hw4/LFU/soplex.cfg > outputs/hw4/LFU/soplex/soplex.log 2>&1
./build/opt/zsim configs/hw4/LFU/calculiz.cfg > outputs/hw4/LFU/calculiz/calculiz.log 2>&1
./build/opt/zsim configs/hw4/LFU/lbm.cfg > outputs/hw4/LFU/lbm/lbm.log 2>&1
./build/opt/zsim configs/hw4/LFU/blackschoels_8c_simlarge.cfg > outputs/hw4/LFU/blackschoels_8c_simlarge/blackschoels.log 2>&1
./hw4runscript: line 23: outputs/hw4/LFU/blackschoels_8c_simlarge/blackschoels.log: No such file or directory
./build/opt/zsim configs/hw4/LFU/bodytrack_8c_simlarge.cfg > outputs/hw4/LFU/bodytrack_8c_simlarge/bodytrack.log 2>&1
./hw4runscript: line 23: outputs/hw4/LFU/bodytrack_8c_simlarge/bodytrack.log: No such file or directory
./build/opt/zsim configs/hw4/LFU/canneal_8c_simlarge.cfg > outputs/hw4/LFU/canneal_8c_simlarge/canneal.log 2>&1
./hw4runscript: line 23: outputs/hw4/LFU/canneal_8c_simlarge/canneal.log: No such file or directory
./build/opt/zsim configs/hw4/LFU/dedup_8c_simlarge.cfg > outputs/hw4/LFU/dedup_8c_simlarge/dedup.log 2>&1
./hw4runscript: line 23: outputs/hw4/LFU/dedup_8c_simlarge/dedup.log: No such file or directory
./build/opt/zsim configs/hw4/LFU/fluidanimate_8c_simlarge.cfg > outputs/hw4/LFU/fluidanimate_8c_simlarge/fluidanimate.log 2>&1
./hw4runscript: line 23: outputs/hw4/LFU/fluidanimate_8c_simlarge/fluidanimate.log: No such file or directory
./build/opt/zsim configs/hw4/LFU/freqmine_8c_simlarge.cfg > outputs/hw4/LFU/freqmine_8c_simlarge/freqmine.log 2>&1
./hw4runscript: line 23: outputs/hw4/LFU/freqmine_8c_simlarge/freqmine.log: No such file or directory
./build/opt/zsim configs/hw4/LFU/streamcluster_8c_simlarge.cfg > outputs/hw4/LFU/streamcluster_8c_simlarge/streamcluster.log 2>&1
./hw4runscript: line 23: outputs/hw4/LFU/streamcluster_8c_simlarge/streamcluster.log: No such file or directory
./build/opt/zsim configs/hw4/LFU/swaptions_8c_simlarge.cfg > outputs/hw4/LFU/swaptions_8c_simlarge/swaptions.log 2>&1
./hw4runscript: line 23: outputs/hw4/LFU/swaptions_8c_simlarge/swaptions.log: No such file or directory
./build/opt/zsim configs/hw4/LFU/x264_8c_simlarge.cfg > outputs/hw4/LFU/x264_8c_simlarge/x264.log 2>&1
./hw4runscript: line 23: outputs/hw4/LFU/x264_8c_simlarge/x264.log: No such file or directory
